<?xml version="1.0" encoding="UTF-8"?>
<!-- Generated by org.testng.reporters.JUnitReportReporter -->
<testsuite hostname="LAPTOP-5KMFOFH9" failures="0" tests="1" name="com.SwagLabs.TestCases.CheckOutPageTest" time="0.349" errors="0" timestamp="2023-11-14T14:42:05 IST" skipped="0">
  <testcase classname="com.SwagLabs.TestCases.CheckOutPageTest" name="verifyCheckOut" time="0.349"/>
  <system-out/>
</testsuite> <!-- com.SwagLabs.TestCases.CheckOutPageTest -->
