<?xml version="1.0" encoding="UTF-8"?>
<!-- Generated by org.testng.reporters.JUnitReportReporter -->
<testsuite hostname="LAPTOP-5KMFOFH9" failures="0" tests="3" name="com.SwagLabs.TestCases.InventoryPageTest" time="0.297" errors="0" timestamp="2023-11-14T14:04:38 IST" skipped="0">
  <testcase classname="com.SwagLabs.TestCases.InventoryPageTest" name="verifyProductCount" time="0.031"/>
  <system-out/>
  <testcase classname="com.SwagLabs.TestCases.InventoryPageTest" name="verifyProductName" time="0.084"/>
  <system-out/>
  <testcase classname="com.SwagLabs.TestCases.InventoryPageTest" name="verifyAddProductTocart" time="0.182"/>
  <system-out/>
</testsuite> <!-- com.SwagLabs.TestCases.InventoryPageTest -->
