<?xml version="1.0" encoding="UTF-8"?>
<!-- Generated by org.testng.reporters.JUnitReportReporter -->
<testsuite hostname="LAPTOP-5KMFOFH9" failures="0" tests="2" name="com.SwagLabs.TestCases.OverviewPageTest" time="0.279" errors="0" timestamp="2023-11-17T15:47:11 IST" skipped="0">
  <testcase classname="com.SwagLabs.TestCases.OverviewPageTest" name="verifySummary" time="0.114"/>
  <system-out/>
  <testcase classname="com.SwagLabs.TestCases.OverviewPageTest" name="verifyOrderPurches" time="0.165"/>
  <system-out/>
</testsuite> <!-- com.SwagLabs.TestCases.OverviewPageTest -->
